<?xml version="1.0" encoding="UTF-8"?>
<testsuite xmlns:xsi="http://www.w3.org/2001/XMLSchema-instance" xsi:noNamespaceSchemaLocation="https://maven.apache.org/surefire/maven-surefire-plugin/xsd/surefire-test-report.xsd" name="com.geektrust.makespace.test.service.RoomBookingServiceTest" time="0.027" tests="4" errors="0" skipped="0" failures="0">
  <properties>
[...]
</properties>
  <testcase name="testBookRoomWithCorrectInput" classname="com.geektrust.makespace.test.service.RoomBookingServiceTest" time="0.012"/>
  <testcase name="testInvalidInputDTO" classname="com.geektrust.makespace.test.service.RoomBookingServiceTest" time="0.01"/>
  <testcase name="testValidInputDTO" classname="com.geektrust.makespace.test.service.RoomBookingServiceTest" time="0.002"/>
  <testcase name="testInitiateRoomBookingWithInCorrectInput" classname="com.geektrust.makespace.test.service.RoomBookingServiceTest" time="0.001"/>
</testsuite>